# JRE version: OpenJDK Runtime Environment (8.0_242-b01) (build 1.8.0_242-release-1644-b01)
# Java VM: OpenJDK 64-Bit Server VM (25.242-b01 mixed mode windows-amd64 compressed oops)
Heap:
 PSYoungGen      total 299520K, used 240002K [0x00000000d5580000, 0x00000000e9f00000, 0x0000000100000000)
  eden space 274944K, 78% used [0x00000000d5580000,0x00000000e27e5510,0x00000000e6200000)
  from space 24576K, 99% used [0x00000000e8180000,0x00000000e997b6d0,0x00000000e9980000)
  to   space 31232K, 0% used [0x00000000e6200000,0x00000000e6200000,0x00000000e8080000)
 ParOldGen       total 176128K, used 49137K [0x0000000080000000, 0x000000008ac00000, 0x00000000d5580000)
  object space 176128K, 27% used [0x0000000080000000,0x0000000082ffc590,0x000000008ac00000)
 Metaspace       used 76201K, capacity 80030K, committed 80280K, reserved 1118208K
  class space    used 10239K, capacity 10920K, committed 10928K, reserved 1048576K
GC Heap History (10 events):
Event: 28.020 GC heap before
{Heap before GC invocations=11 (full 2):
 PSYoungGen      total 186368K, used 186221K [0x00000000d5580000, 0x00000000e4a00000, 0x0000000100000000)
  eden space 177664K, 100% used [0x00000000d5580000,0x00000000e0300000,0x00000000e0300000)
  from space 8704K, 98% used [0x00000000e4180000,0x00000000e49db638,0x00000000e4a00000)
  to   space 11264K, 0% used [0x00000000e3400000,0x00000000e3400000,0x00000000e3f00000)
 ParOldGen       total 122368K, used 14460K [0x0000000080000000, 0x0000000087780000, 0x00000000d5580000)
  object space 122368K, 11% used [0x0000000080000000,0x0000000080e1f028,0x0000000087780000)
 Metaspace       used 55312K, capacity 57652K, committed 57768K, reserved 1099776K
  class space    used 7541K, capacity 8029K, committed 8112K, reserved 1048576K
Event: 28.039 GC heap after
Heap after GC invocations=11 (full 2):
 PSYoungGen      total 235008K, used 11252K [0x00000000d5580000, 0x00000000e5400000, 0x0000000100000000)
  eden space 223744K, 0% used [0x00000000d5580000,0x00000000d5580000,0x00000000e3000000)
  from space 11264K, 99% used [0x00000000e3400000,0x00000000e3efd320,0x00000000e3f00000)
  to   space 18432K, 0% used [0x00000000e4200000,0x00000000e4200000,0x00000000e5400000)
 ParOldGen       total 122368K, used 29843K [0x0000000080000000, 0x0000000087780000, 0x00000000d5580000)
  object space 122368K, 24% used [0x0000000080000000,0x0000000081d24fb8,0x0000000087780000)
 Metaspace       used 55312K, capacity 57652K, committed 57768K, reserved 1099776K
  class space    used 7541K, capacity 8029K, committed 8112K, reserved 1048576K
}
Event: 28.301 GC heap before
{Heap before GC invocations=12 (full 2):
 PSYoungGen      total 235008K, used 30375K [0x00000000d5580000, 0x00000000e5400000, 0x0000000100000000)
  eden space 223744K, 8% used [0x00000000d5580000,0x00000000d682ca80,0x00000000e3000000)
  from space 11264K, 99% used [0x00000000e3400000,0x00000000e3efd320,0x00000000e3f00000)
  to   space 18432K, 0% used [0x00000000e4200000,0x00000000e4200000,0x00000000e5400000)
 ParOldGen       total 122368K, used 29843K [0x0000000080000000, 0x0000000087780000, 0x00000000d5580000)
  object space 122368K, 24% used [0x0000000080000000,0x0000000081d24fb8,0x0000000087780000)
 Metaspace       used 56516K, capacity 58936K, committed 59160K, reserved 1099776K
  class space    used 7742K, capacity 8221K, committed 8240K, reserved 1048576K
Event: 28.316 GC heap after
Heap after GC invocations=12 (full 2):
 PSYoungGen      total 242176K, used 12852K [0x00000000d5580000, 0x00000000ea100000, 0x0000000100000000)
  eden space 223744K, 0% used [0x00000000d5580000,0x00000000d5580000,0x00000000e3000000)
  from space 18432K, 69% used [0x00000000e4200000,0x00000000e4e8d320,0x00000000e5400000)
  to   space 18432K, 0% used [0x00000000e3000000,0x00000000e3000000,0x00000000e4200000)
 ParOldGen       total 122368K, used 29843K [0x0000000080000000, 0x0000000087780000, 0x00000000d5580000)
  object space 122368K, 24% used [0x0000000080000000,0x0000000081d24fb8,0x0000000087780000)
 Metaspace       used 56516K, capacity 58936K, committed 59160K, reserved 1099776K
  class space    used 7742K, capacity 8221K, committed 8240K, reserved 1048576K
}
Event: 28.316 GC heap before
{Heap before GC invocations=13 (full 3):
 PSYoungGen      total 242176K, used 12852K [0x00000000d5580000, 0x00000000ea100000, 0x0000000100000000)
  eden space 223744K, 0% used [0x00000000d5580000,0x00000000d5580000,0x00000000e3000000)
  from space 18432K, 69% used [0x00000000e4200000,0x00000000e4e8d320,0x00000000e5400000)
  to   space 18432K, 0% used [0x00000000e3000000,0x00000000e3000000,0x00000000e4200000)
 ParOldGen       total 122368K, used 29843K [0x0000000080000000, 0x0000000087780000, 0x00000000d5580000)
  object space 122368K, 24% used [0x0000000080000000,0x0000000081d24fb8,0x0000000087780000)
 Metaspace       used 56516K, capacity 58936K, committed 59160K, reserved 1099776K
  class space    used 7742K, capacity 8221K, committed 8240K, reserved 1048576K
Event: 28.643 GC heap after
Heap after GC invocations=13 (full 3):
 PSYoungGen      total 242176K, used 0K [0x00000000d5580000, 0x00000000ea100000, 0x0000000100000000)
  eden space 223744K, 0% used [0x00000000d5580000,0x00000000d5580000,0x00000000e3000000)
  from space 18432K, 0% used [0x00000000e4200000,0x00000000e4200000,0x00000000e5400000)
  to   space 18432K, 0% used [0x00000000e3000000,0x00000000e3000000,0x00000000e4200000)
 ParOldGen       total 176128K, used 29302K [0x0000000080000000, 0x000000008ac00000, 0x00000000d5580000)
  object space 176128K, 16% used [0x0000000080000000,0x0000000081c9d940,0x000000008ac00000)
 Metaspace       used 56473K, capacity 58792K, committed 59160K, reserved 1099776K
  class space    used 7729K, capacity 8197K, committed 8240K, reserved 1048576K
}
Event: 34.977 GC heap before
{Heap before GC invocations=14 (full 3):
 PSYoungGen      total 242176K, used 223744K [0x00000000d5580000, 0x00000000ea100000, 0x0000000100000000)
  eden space 223744K, 100% used [0x00000000d5580000,0x00000000e3000000,0x00000000e3000000)
  from space 18432K, 0% used [0x00000000e4200000,0x00000000e4200000,0x00000000e5400000)
  to   space 18432K, 0% used [0x00000000e3000000,0x00000000e3000000,0x00000000e4200000)
 ParOldGen       total 176128K, used 29302K [0x0000000080000000, 0x000000008ac00000, 0x00000000d5580000)
  object space 176128K, 16% used [0x0000000080000000,0x0000000081c9d940,0x000000008ac00000)
 Metaspace       used 65063K, capacity 68224K, committed 68504K, reserved 1107968K
  class space    used 8977K, capacity 9587K, committed 9648K, reserved 1048576K
Event: 35.001 GC heap after
Heap after GC invocations=14 (full 3):
 PSYoungGen      total 242176K, used 18414K [0x00000000d5580000, 0x00000000e9980000, 0x0000000100000000)
  eden space 223744K, 0% used [0x00000000d5580000,0x00000000d5580000,0x00000000e3000000)
  from space 18432K, 99% used [0x00000000e3000000,0x00000000e41fb9d8,0x00000000e4200000)
  to   space 24576K, 0% used [0x00000000e8180000,0x00000000e8180000,0x00000000e9980000)
 ParOldGen       total 176128K, used 40360K [0x0000000080000000, 0x000000008ac00000, 0x00000000d5580000)
  object space 176128K, 22% used [0x0000000080000000,0x000000008276a2f0,0x000000008ac00000)
 Metaspace       used 65063K, capacity 68224K, committed 68504K, reserved 1107968K
  class space    used 8977K, capacity 9587K, committed 9648K, reserved 1048576K
}
Event: 43.865 GC heap before
{Heap before GC invocations=15 (full 3):
 PSYoungGen      total 242176K, used 242158K [0x00000000d5580000, 0x00000000e9980000, 0x0000000100000000)
  eden space 223744K, 100% used [0x00000000d5580000,0x00000000e3000000,0x00000000e3000000)
  from space 18432K, 99% used [0x00000000e3000000,0x00000000e41fb9d8,0x00000000e4200000)
  to   space 24576K, 0% used [0x00000000e8180000,0x00000000e8180000,0x00000000e9980000)
 ParOldGen       total 176128K, used 40360K [0x0000000080000000, 0x000000008ac00000, 0x00000000d5580000)
  object space 176128K, 22% used [0x0000000080000000,0x000000008276a2f0,0x000000008ac00000)
 Metaspace       used 71066K, capacity 74780K, committed 74904K, reserved 1114112K
  class space    used 9656K, capacity 10347K, committed 10416K, reserved 1048576K
Event: 43.891 GC heap after
Heap after GC invocations=15 (full 3):
 PSYoungGen      total 299520K, used 24557K [0x00000000d5580000, 0x00000000e9f00000, 0x0000000100000000)
  eden space 274944K, 0% used [0x00000000d5580000,0x00000000d5580000,0x00000000e6200000)
  from space 24576K, 99% used [0x00000000e8180000,0x00000000e997b6d0,0x00000000e9980000)
  to   space 31232K, 0% used [0x00000000e6200000,0x00000000e6200000,0x00000000e8080000)
 ParOldGen       total 176128K, used 49137K [0x0000000080000000, 0x000000008ac00000, 0x00000000d5580000)
  object space 176128K, 27% used [0x0000000080000000,0x0000000082ffc590,0x000000008ac00000)
 Metaspace       used 71066K, capacity 74780K, committed 74904K, reserved 1114112K
  class space    used 9656K, capacity 10347K, committed 10416K, reserved 1048576K
}

